<?xml version="1.0" encoding="UTF-8"?>
<testsuites name="Mocha Tests" time="6.019" tests="1" failures="0">
  <testsuite name="Root Suite" timestamp="2023-09-12T14:45:26" tests="0" file="cypress\e2e\cura-healthcare\openProfile.cy.js" time="0.000" failures="0">
  </testsuite>
  <testsuite name="Check profile" timestamp="2023-09-12T14:45:26" tests="1" time="6.011" failures="0">
    <testcase name="Check profile Open profile" time="5.946" classname="Open profile">
    </testcase>
  </testsuite>
</testsuites>